\BOOKMARK [0][-]{chapter*.4}{Abstract}{}% 1
\BOOKMARK [0][-]{chapter.1}{Introduction}{}% 2
\BOOKMARK [1][-]{section.1.1}{Aim and motivation}{chapter.1}% 3
\BOOKMARK [2][-]{subsection.1.1.1}{Objectives}{section.1.1}% 4
\BOOKMARK [2][-]{subsection.1.1.2}{Motivation}{section.1.1}% 5
\BOOKMARK [1][-]{section.1.2}{Socially structured economies}{chapter.1}% 6
\BOOKMARK [2][-]{subsection.1.2.1}{Of the social division of labour}{section.1.2}% 7
\BOOKMARK [2][-]{subsection.1.2.2}{The social organisation of production}{section.1.2}% 8
\BOOKMARK [2][-]{subsection.1.2.3}{Middlemen and entrepreneurs}{section.1.2}% 9
\BOOKMARK [1][-]{section.1.3}{An introduction to social and economic networks}{chapter.1}% 10
\BOOKMARK [2][-]{subsection.1.3.1}{Basic concepts}{section.1.3}% 11
\BOOKMARK [2][-]{subsection.1.3.2}{Characteristics of social networks}{section.1.3}% 12
\BOOKMARK [2][-]{subsection.1.3.3}{Economic networks}{section.1.3}% 13
\BOOKMARK [1][-]{section.1.4}{Monograph structure}{chapter.1}% 14
\BOOKMARK [-1][-]{part.1}{I A Theory of Entrepreneurship}{}% 15
\BOOKMARK [0][-]{chapter.2}{The relational perspective}{part.1}% 16
\BOOKMARK [1][-]{section.2.1}{Social actors}{chapter.2}% 17
\BOOKMARK [2][-]{subsection.2.1.1}{Traditional economic modelling of individuals}{section.2.1}% 18
\BOOKMARK [2][-]{subsection.2.1.2}{An evolutionary perspective of the social actor}{section.2.1}% 19
\BOOKMARK [2][-]{subsection.2.1.3}{Defining the social actor}{section.2.1}% 20
\BOOKMARK [1][-]{section.2.2}{Economic agents as consumer-producers}{chapter.2}% 21
\BOOKMARK [2][-]{subsection.2.2.1}{The economic agent, interactions and relationships}{section.2.2}% 22
\BOOKMARK [2][-]{subsection.2.2.2}{Defining consumptive and productive abilities}{section.2.2}% 23
\BOOKMARK [2][-]{subsection.2.2.3}{Socio-economic roles and specialisation}{section.2.2}% 24
\BOOKMARK [1][-]{section.2.3}{The governance system}{chapter.2}% 25
\BOOKMARK [2][-]{subsection.2.3.1}{Perspectives of institution and governance}{section.2.3}% 26
\BOOKMARK [2][-]{subsection.2.3.2}{Defining the governance system}{section.2.3}% 27
\BOOKMARK [2][-]{subsection.2.3.3}{Economic interaction through the governance system}{section.2.3}% 28
\BOOKMARK [2][-]{subsection.2.3.4}{Interaction infrastructures}{section.2.3}% 29
\BOOKMARK [1][-]{section.2.4}{Recap on fundamentals of the relational perspective}{chapter.2}% 30
\BOOKMARK [0][-]{chapter*.37}{Appendices}{part.1}% 31
\BOOKMARK [1][-]{section.1.2.A}{Consumer-producers in autarky}{chapter*.37}% 32
\BOOKMARK [1][-]{section.1.2.B}{Trust}{chapter*.37}% 33
\BOOKMARK [2][-]{subsection.1.2.B.1}{Trust as the dual of embeddedness}{section.1.2.B}% 34
\BOOKMARK [2][-]{subsection.1.2.B.2}{Economic interaction with trust}{section.1.2.B}% 35
\BOOKMARK [0][-]{chapter.3}{Growth and development of the socio-economic space}{part.1}% 36
\BOOKMARK [1][-]{section.3.1}{The socio-economic space}{chapter.3}% 37
\BOOKMARK [2][-]{subsection.3.1.1}{A socio-economic space as an imagined community}{section.3.1}% 38
\BOOKMARK [2][-]{subsection.3.1.2}{Representing the socio-economic space}{section.3.1}% 39
\BOOKMARK [2][-]{subsection.3.1.3}{Formalising the socio-economic space and interaction infrastructures}{section.3.1}% 40
\BOOKMARK [1][-]{section.3.2}{States of the socio-economic space}{chapter.3}% 41
\BOOKMARK [2][-]{subsection.3.2.1}{Pure states of the socio-economic space}{section.3.2}% 42
\BOOKMARK [2][-]{subsection.3.2.2}{Representative economic states}{section.3.2}% 43
\BOOKMARK [1][-]{section.3.3}{Growth, development, and the entrepreneur}{chapter.3}% 44
\BOOKMARK [2][-]{subsection.3.3.1}{Distinguishing growth and development}{section.3.3}% 45
\BOOKMARK [2][-]{subsection.3.3.2}{Entrepreneurship and the entrepreneurial function}{section.3.3}% 46
\BOOKMARK [1][-]{section.3.4}{Simulating growth and development}{chapter.3}% 47
\BOOKMARK [2][-]{subsection.3.4.1}{Adaptive specialisation and the process of growth}{section.3.4}% 48
\BOOKMARK [2][-]{subsection.3.4.2}{Reviewing exchange mechanisms}{section.3.4}% 49
\BOOKMARK [2][-]{subsection.3.4.3}{Simulating growth and development}{section.3.4}% 50
\BOOKMARK [0][-]{chapter.4}{Entrepreneurship and the entrepreneurial function}{part.1}% 51
\BOOKMARK [1][-]{section.4.1}{Theoretical perspectives of entrepreneurship}{chapter.4}% 52
\BOOKMARK [2][-]{subsection.4.1.1}{Traditional economics and occupational choice}{section.4.1}% 53
\BOOKMARK [2][-]{subsection.4.1.2}{Schumpeterian theory of the entrepreneur}{section.4.1}% 54
\BOOKMARK [2][-]{subsection.4.1.3}{Burtian theory of the entrepreneur}{section.4.1}% 55
\BOOKMARK [1][-]{section.4.2}{Relational perspective of entrepreneurship}{chapter.4}% 56
\BOOKMARK [2][-]{subsection.4.2.1}{Institutions and entrepreneurship}{section.4.2}% 57
\BOOKMARK [2][-]{subsection.4.2.2}{The unique network positions of entrepreneurs}{section.4.2}% 58
\BOOKMARK [2][-]{subsection.4.2.3}{The fused nature of entrepreneurship}{section.4.2}% 59
\BOOKMARK [1][-]{section.4.3}{The relational entrepreneurship of the House of Medici}{chapter.4}% 60
\BOOKMARK [2][-]{subsection.4.3.1}{The re-organisation of the Florentine society}{section.4.3}% 61
\BOOKMARK [2][-]{subsection.4.3.2}{The rise of the House of Medici}{section.4.3}% 62
\BOOKMARK [1][-]{section.4.4}{Concluding points and future discussions on socially structured economies}{chapter.4}% 63
\BOOKMARK [-1][-]{part.2}{II Entrepreneurship in a Platonian Economy}{}% 64
\BOOKMARK [0][-]{chapter.5}{Middlemen as entrepreneurs}{part.2}% 65
\BOOKMARK [1][-]{section.5.1}{Middlemen and contestability}{chapter.5}% 66
\BOOKMARK [2][-]{subsection.5.1.1}{Preliminaries}{section.5.1}% 67
\BOOKMARK [2][-]{subsection.5.1.2}{Connectivity and middlemen}{section.5.1}% 68
\BOOKMARK [2][-]{subsection.5.1.3}{Contestability in directed networks}{section.5.1}% 69
\BOOKMARK [1][-]{section.5.2}{Measuring middleman power}{chapter.5}% 70
\BOOKMARK [2][-]{subsection.5.2.1}{Betweenness centrality and middlemen}{section.5.2}% 71
\BOOKMARK [2][-]{subsection.5.2.2}{A middleman power measure}{section.5.2}% 72
\BOOKMARK [1][-]{section.5.3}{Measuring competitiveness}{chapter.5}% 73
\BOOKMARK [2][-]{subsection.5.3.1}{Threshold set}{section.5.3}% 74
\BOOKMARK [2][-]{subsection.5.3.2}{Network thickness}{section.5.3}% 75
\BOOKMARK [2][-]{subsection.5.3.3}{Middleman robustness}{section.5.3}% 76
\BOOKMARK [1][-]{section.5.4}{An application to two empirical networks}{chapter.5}% 77
\BOOKMARK [2][-]{subsection.5.4.1}{The elite Florentine marriage network}{section.5.4}% 78
\BOOKMARK [2][-]{subsection.5.4.2}{Middlemen in Krackhardt's advice network}{section.5.4}% 79
\BOOKMARK [0][-]{chapter*.108}{Appendices}{part.2}% 80
\BOOKMARK [1][-]{section.2.5.A}{Power and centrality in Renaissance Florence networks}{chapter*.108}% 81
\BOOKMARK [0][-]{chapter.6}{The formation of extractive structures in networks}{part.2}% 82
\BOOKMARK [1][-]{subsection.6.0.1}{A motivating example: The Florentine elite in the 15th Century}{chapter.6}% 83
\BOOKMARK [2][-]{subsection.6.0.2}{Relationship to the literature}{subsection.6.0.1}% 84
\BOOKMARK [1][-]{section.6.1}{Extractive structures in networks}{chapter.6}% 85
\BOOKMARK [2][-]{subsection.6.1.1}{Social networks: Basic concepts}{section.6.1}% 86
\BOOKMARK [2][-]{subsection.6.1.2}{Critical nodes and sets}{section.6.1}% 87
\BOOKMARK [2][-]{subsection.6.1.3}{Network contestability}{section.6.1}% 88
\BOOKMARK [1][-]{section.6.2}{Intermediation centrality}{chapter.6}% 89
\BOOKMARK [2][-]{subsection.6.2.1}{Block structures}{section.6.2}% 90
\BOOKMARK [2][-]{subsection.6.2.2}{A game-theoretic approach to intermediation centrality}{section.6.2}% 91
\BOOKMARK [2][-]{subsection.6.2.3}{Stability in the formation of block structures}{section.6.2}% 92
\BOOKMARK [2][-]{subsection.6.2.4}{Brokerage centrality analysis}{section.6.2}% 93
\BOOKMARK [1][-]{section.6.3}{Some applications}{chapter.6}% 94
\BOOKMARK [2][-]{subsection.6.3.1}{Applying centrality measures}{section.6.3}% 95
\BOOKMARK [2][-]{subsection.6.3.2}{The Florentine elite network: A further analysis}{section.6.3}% 96
\BOOKMARK [2][-]{subsection.6.3.3}{The 9/11 terrorist networks}{section.6.3}% 97
\BOOKMARK [0][-]{chapter*.115}{Appendices}{part.2}% 98
\BOOKMARK [1][-]{section.3.6.A}{Visualising 9/11 terrorist networks}{chapter*.115}% 99
\BOOKMARK [-1][-]{part.3}{III Entrepreneurship in a Platform Economy}{}% 100
\BOOKMARK [0][-]{chapter.7}{Measuring control in hypergraphs}{part.3}% 101
\BOOKMARK [1][-]{section.7.1}{Centrality and influence in hypergraphs}{chapter.7}% 102
\BOOKMARK [2][-]{subsection.7.1.1}{Preliminaries}{section.7.1}% 103
\BOOKMARK [2][-]{subsection.7.1.2}{Degree-based centrality measures in affiliation situations}{section.7.1}% 104
\BOOKMARK [2][-]{subsection.7.1.3}{A hypergraph -measure}{section.7.1}% 105
\BOOKMARK [2][-]{subsection.7.1.4}{A standard -score}{section.7.1}% 106
\BOOKMARK [1][-]{section.7.2}{Hypergraphs with aspects}{chapter.7}% 107
\BOOKMARK [2][-]{subsection.7.2.1}{Aspectual hypergraphs}{section.7.2}% 108
\BOOKMARK [2][-]{subsection.7.2.2}{Elites and elite structures}{section.7.2}% 109
\BOOKMARK [0][-]{chapter*.134}{Appendices}{part.3}% 110
\BOOKMARK [1][-]{section.4.7.A}{Axiomatisation of the generalised -measure}{chapter*.134}% 111
\BOOKMARK [1][-]{section.4.7.B}{Degree and probabilistic eliteness}{chapter*.134}% 112
\BOOKMARK [0][-]{chapter.8}{Control in the Platform economy: The case of New York City}{part.3}% 113
\BOOKMARK [1][-]{section.8.1}{Corporate connectivity and firm performance}{chapter.8}% 114
\BOOKMARK [1][-]{section.8.2}{Influence, elites, and the rise of the Empire State}{chapter.8}% 115
\BOOKMARK [2][-]{subsection.8.2.1}{Overview of the directorate hypergraph}{section.8.2}% 116
\BOOKMARK [2][-]{subsection.8.2.2}{Centrality of directors and firms}{section.8.2}% 117
\BOOKMARK [2][-]{subsection.8.2.3}{Influence and elites in New York City}{section.8.2}% 118
\BOOKMARK [1][-]{section.8.3}{Economic performance and centrality}{chapter.8}% 119
\BOOKMARK [2][-]{subsection.8.3.1}{Overview of data}{section.8.3}% 120
\BOOKMARK [2][-]{subsection.8.3.2}{Comparing financial institutions, insurance companies and railroads}{section.8.3}% 121
\BOOKMARK [2][-]{subsection.8.3.3}{Regression analysis}{section.8.3}% 122
\BOOKMARK [1][-]{section.8.4}{Concluding comments}{chapter.8}% 123
\BOOKMARK [0][-]{chapter*.167}{Appendices}{part.3}% 124
\BOOKMARK [1][-]{section.5.8.A}{Additional information on data and regression analysis}{chapter*.167}% 125
\BOOKMARK [1][-]{section.5.8.B}{Interlocking directorate formation}{chapter*.167}% 126
\BOOKMARK [2][-]{subsection.5.8.B.1}{The interlocking directorate game}{section.5.8.B}% 127
\BOOKMARK [2][-]{subsection.5.8.B.2}{Incentives and equilibrium analysis}{section.5.8.B}% 128
